0 info it worked if it ends with ok
1 verbose cli [ 'e:\\winx64\\nodejs\\node.exe',
1 verbose cli   'e:\\winx64\\nodejs\\node_modules\\npm\\bin\\npm-cli.js',
1 verbose cli   'install',
1 verbose cli   '-g',
1 verbose cli   'index.js' ]
2 info using npm@1.1.63
3 info using node@v0.8.12
4 verbose read json e:\winx64\nodejs\package.json
5 verbose read json e:\winx64\nodejs\package.json
6 verbose cache add [ 'index.js', null ]
7 silly cache add name=undefined spec="index.js" args=["index.js",null]
8 verbose parsed url { pathname: 'index.js', path: 'index.js', href: 'index.js' }
9 silly lockFile a77b15c0-index-js index.js
10 verbose lock index.js C:\Users\evo\AppData\Roaming\npm-cache\a77b15c0-index-js.lock
11 verbose chmod C:\Users\evo\AppData\Local\Temp\npm-4164\1373249550019-0.3869926165789366\tmp.tgz 644
12 verbose tar unpack C:\Users\evo\AppData\Local\Temp\npm-4164\1373249550019-0.3869926165789366\tmp.tgz
13 silly lockFile aa01599c-50019-0-3869926165789366-package C:\Users\evo\AppData\Local\Temp\npm-4164\1373249550019-0.3869926165789366\package
14 verbose lock C:\Users\evo\AppData\Local\Temp\npm-4164\1373249550019-0.3869926165789366\package C:\Users\evo\AppData\Roaming\npm-cache\aa01599c-50019-0-3869926165789366-package.lock
15 silly gunzTarPerm modes [ '755', '644' ]
16 verbose read json C:\Users\evo\AppData\Local\Temp\npm-4164\1373249550019-0.3869926165789366\package\package.json
17 error not a package C:\Users\evo\AppData\Local\Temp\npm-4164\1373249550019-0.3869926165789366\tmp.tgz
18 silly lockFile aa01599c-50019-0-3869926165789366-package C:\Users\evo\AppData\Local\Temp\npm-4164\1373249550019-0.3869926165789366\package
19 silly lockFile a77b15c0-index-js index.js
20 verbose addNamed [ 'index.js', '' ]
21 verbose addNamed [ null, '' ]
22 silly lockFile 94ba5b35-index-js index.js@
23 verbose lock index.js@ C:\Users\evo\AppData\Roaming\npm-cache\94ba5b35-index-js.lock
24 silly addNameRange { name: 'index.js', range: '', hasData: false }
25 verbose url raw index.js
26 verbose url resolving [ 'https://registry.npmjs.org/', './index.js' ]
27 verbose url resolved https://registry.npmjs.org/index.js
28 info trying registry request attempt 1 at 10:12:30
29 http GET https://registry.npmjs.org/index.js
30 http 404 https://registry.npmjs.org/index.js
31 silly registry.get cb [ 404,
31 silly registry.get   { server: 'CouchDB/1.3.0 (Erlang OTP/R15B03)',
31 silly registry.get     date: 'Mon, 08 Jul 2013 02:12:33 GMT',
31 silly registry.get     'content-type': 'application/json',
31 silly registry.get     'content-length': '52',
31 silly registry.get     'cache-control': 'must-revalidate' } ]
32 silly lockFile 94ba5b35-index-js index.js@
33 error 404 'index.js' is not in the npm registry.
33 error 404 You should bug the author to publish it
33 error 404
33 error 404 Maybe try 'npm search index'
33 error 404
33 error 404 Note that you can also install from a
33 error 404 tarball, folder, or http url, or git url.
34 error System Windows_NT 6.1.7601
35 error command "e:\\winx64\\nodejs\\node.exe" "e:\\winx64\\nodejs\\node_modules\\npm\\bin\\npm-cli.js" "install" "-g" "index.js"
36 error cwd f:\www\mycloud\fis-npm\fis-parser-jade
37 error node -v v0.8.12
38 error npm -v 1.1.63
39 error code E404
40 verbose exit [ 1, true ]
